# Logfile created on 2014-02-16 11:35:40 +0100 by logger.rb/41954
I, [2014-02-16T11:35:40.991229 #5264]  INFO -- : 0:  addressable (2.3.5) from /home/leon/.rbenv/versions/2.0.0-p353/lib/ruby/gems/2.0.0/specifications/addressable-2.3.5.gemspec
I, [2014-02-16T11:35:40.992311 #5264]  INFO -- : 0:  atomic (1.1.14) from /home/leon/.rbenv/versions/2.0.0-p353/lib/ruby/gems/2.0.0/specifications/atomic-1.1.14.gemspec
I, [2014-02-16T11:35:40.992597 #5264]  INFO -- : 0:  backports (3.6.0) from /home/leon/.rbenv/versions/2.0.0-p353/lib/ruby/gems/2.0.0/specifications/backports-3.6.0.gemspec
I, [2014-02-16T11:35:41.917719 #5264]  INFO -- : 0:  buftok (0.2.0) from /home/leon/.rbenv/versions/2.0.0-p353/lib/ruby/gems/2.0.0/specifications/buftok-0.2.0.gemspec
I, [2014-02-16T11:35:41.918938 #5264]  INFO -- : 0:  coffee-script-source (1.7.0) from /home/leon/.rbenv/versions/2.0.0-p353/lib/ruby/gems/2.0.0/specifications/coffee-script-source-1.7.0.gemspec
I, [2014-02-16T11:35:41.919895 #5264]  INFO -- : 0:  execjs (2.0.2) from /home/leon/.rbenv/versions/2.0.0-p353/lib/ruby/gems/2.0.0/specifications/execjs-2.0.2.gemspec
I, [2014-02-16T11:35:41.920741 #5264]  INFO -- : 0:  coffee-script (2.2.0) from /home/leon/.rbenv/versions/2.0.0-p353/lib/ruby/gems/2.0.0/specifications/coffee-script-2.2.0.gemspec
I, [2014-02-16T11:35:41.921563 #5264]  INFO -- : 0:  daemons (1.1.9) from /home/leon/.rbenv/versions/2.0.0-p353/lib/ruby/gems/2.0.0/specifications/daemons-1.1.9.gemspec
I, [2014-02-16T11:35:41.922370 #5264]  INFO -- : 0:  rack (1.5.2) from /home/leon/.rbenv/versions/2.0.0-p353/lib/ruby/gems/2.0.0/specifications/rack-1.5.2.gemspec
I, [2014-02-16T11:35:41.923174 #5264]  INFO -- : 0:  thread_safe (0.1.3) from /home/leon/.rbenv/versions/2.0.0-p353/lib/ruby/gems/2.0.0/specifications/thread_safe-0.1.3.gemspec
I, [2014-02-16T11:35:41.924017 #5264]  INFO -- : 0:  tzinfo (1.1.0) from /home/leon/.rbenv/versions/2.0.0-p353/lib/ruby/gems/2.0.0/specifications/tzinfo-1.1.0.gemspec
I, [2014-02-16T11:35:41.924816 #5264]  INFO -- : 0:  rufus-scheduler (2.0.24) from /home/leon/.rbenv/versions/2.0.0-p353/lib/ruby/gems/2.0.0/specifications/rufus-scheduler-2.0.24.gemspec
I, [2014-02-16T11:35:41.925634 #5264]  INFO -- : 0:  sass (3.2.14) from /home/leon/.rbenv/versions/2.0.0-p353/lib/ruby/gems/2.0.0/specifications/sass-3.2.14.gemspec
I, [2014-02-16T11:35:41.926436 #5264]  INFO -- : 0:  rack-protection (1.5.2) from /home/leon/.rbenv/versions/2.0.0-p353/lib/ruby/gems/2.0.0/specifications/rack-protection-1.5.2.gemspec
I, [2014-02-16T11:35:41.927294 #5264]  INFO -- : 0:  tilt (1.4.1) from /home/leon/.rbenv/versions/2.0.0-p353/lib/ruby/gems/2.0.0/specifications/tilt-1.4.1.gemspec
I, [2014-02-16T11:35:41.927598 #5264]  INFO -- : 0:  sinatra (1.4.4) from /home/leon/.rbenv/versions/2.0.0-p353/lib/ruby/gems/2.0.0/specifications/sinatra-1.4.4.gemspec
I, [2014-02-16T11:35:41.927861 #5264]  INFO -- : 0:  multi_json (1.8.4) from /home/leon/.rbenv/versions/2.0.0-p353/lib/ruby/gems/2.0.0/specifications/multi_json-1.8.4.gemspec
I, [2014-02-16T11:35:41.928115 #5264]  INFO -- : 0:  rack-test (0.6.2) from /home/leon/.rbenv/versions/2.0.0-p353/lib/ruby/gems/2.0.0/specifications/rack-test-0.6.2.gemspec
I, [2014-02-16T11:35:41.928375 #5264]  INFO -- : 0:  sinatra-contrib (1.4.2) from /home/leon/.rbenv/versions/2.0.0-p353/lib/ruby/gems/2.0.0/specifications/sinatra-contrib-1.4.2.gemspec
I, [2014-02-16T11:35:41.928633 #5264]  INFO -- : 0:  hike (1.2.3) from /home/leon/.rbenv/versions/2.0.0-p353/lib/ruby/gems/2.0.0/specifications/hike-1.2.3.gemspec
I, [2014-02-16T11:35:41.928884 #5264]  INFO -- : 0:  sprockets (2.10.1) from /home/leon/.rbenv/versions/2.0.0-p353/lib/ruby/gems/2.0.0/specifications/sprockets-2.10.1.gemspec
I, [2014-02-16T11:35:41.929146 #5264]  INFO -- : 0:  eventmachine (1.0.3) from /home/leon/.rbenv/versions/2.0.0-p353/lib/ruby/gems/2.0.0/specifications/eventmachine-1.0.3.gemspec
I, [2014-02-16T11:35:41.929418 #5264]  INFO -- : 0:  thin (1.6.1) from /home/leon/.rbenv/versions/2.0.0-p353/lib/ruby/gems/2.0.0/specifications/thin-1.6.1.gemspec
I, [2014-02-16T11:35:41.929809 #5264]  INFO -- : 0:  thor (0.18.1) from /home/leon/.rbenv/versions/2.0.0-p353/lib/ruby/gems/2.0.0/specifications/thor-0.18.1.gemspec
I, [2014-02-16T11:35:41.930214 #5264]  INFO -- : 0:  dashing (1.3.2) from /home/leon/.rbenv/versions/2.0.0-p353/lib/ruby/gems/2.0.0/specifications/dashing-1.3.2.gemspec
I, [2014-02-16T11:35:42.832211 #5264]  INFO -- : 0:  equalizer (0.0.9) from /home/leon/.rbenv/versions/2.0.0-p353/lib/ruby/gems/2.0.0/specifications/equalizer-0.0.9.gemspec
I, [2014-02-16T11:35:42.833282 #5264]  INFO -- : 0:  multipart-post (2.0.0) from /home/leon/.rbenv/versions/2.0.0-p353/lib/ruby/gems/2.0.0/specifications/multipart-post-2.0.0.gemspec
I, [2014-02-16T11:35:43.866631 #5264]  INFO -- : 0:  faraday (0.9.0) from /home/leon/.rbenv/versions/2.0.0-p353/lib/ruby/gems/2.0.0/specifications/faraday-0.9.0.gemspec
I, [2014-02-16T11:35:45.859844 #5264]  INFO -- : 0:  http_parser.rb (0.6.0) from /home/leon/.rbenv/versions/2.0.0-p353/lib/ruby/gems/2.0.0/specifications/http_parser.rb-0.6.0.gemspec
I, [2014-02-16T11:35:46.788213 #5264]  INFO -- : 0:  http (0.5.0) from /home/leon/.rbenv/versions/2.0.0-p353/lib/ruby/gems/2.0.0/specifications/http-0.5.0.gemspec
I, [2014-02-16T11:35:46.788670 #5264]  INFO -- : 0:  json (1.8.1) from /home/leon/.rbenv/versions/2.0.0-p353/lib/ruby/gems/2.0.0/specifications/json-1.8.1.gemspec
I, [2014-02-16T11:35:47.656346 #5264]  INFO -- : 0:  memoizable (0.4.0) from /home/leon/.rbenv/versions/2.0.0-p353/lib/ruby/gems/2.0.0/specifications/memoizable-0.4.0.gemspec
I, [2014-02-16T11:35:48.583093 #5264]  INFO -- : 0:  naught (1.0.0) from /home/leon/.rbenv/versions/2.0.0-p353/lib/ruby/gems/2.0.0/specifications/naught-1.0.0.gemspec
I, [2014-02-16T11:35:49.525425 #5264]  INFO -- : 0:  simple_oauth (0.2.0) from /home/leon/.rbenv/versions/2.0.0-p353/lib/ruby/gems/2.0.0/specifications/simple_oauth-0.2.0.gemspec
I, [2014-02-16T11:35:51.041438 #5264]  INFO -- : 0:  twitter (5.7.1) from /home/leon/.rbenv/versions/2.0.0-p353/lib/ruby/gems/2.0.0/specifications/twitter-5.7.1.gemspec
I, [2014-02-16T11:35:51.041863 #5264]  INFO -- : 0:  bundler (1.5.1) from /home/leon/.rbenv/versions/2.0.0-p353/lib/ruby/gems/2.0.0/specifications/bundler-1.5.1.gemspec
I, [2014-02-16T12:09:36.685158 #10533]  INFO -- : 0:  addressable (2.3.5) from /home/leon/.rbenv/versions/2.0.0-p353/lib/ruby/gems/2.0.0/specifications/addressable-2.3.5.gemspec
I, [2014-02-16T12:09:36.685587 #10533]  INFO -- : 0:  atomic (1.1.14) from /home/leon/.rbenv/versions/2.0.0-p353/lib/ruby/gems/2.0.0/specifications/atomic-1.1.14.gemspec
I, [2014-02-16T12:09:36.685867 #10533]  INFO -- : 0:  backports (3.6.0) from /home/leon/.rbenv/versions/2.0.0-p353/lib/ruby/gems/2.0.0/specifications/backports-3.6.0.gemspec
I, [2014-02-16T12:09:36.686132 #10533]  INFO -- : 0:  buftok (0.2.0) from /home/leon/.rbenv/versions/2.0.0-p353/lib/ruby/gems/2.0.0/specifications/buftok-0.2.0.gemspec
I, [2014-02-16T12:09:36.686474 #10533]  INFO -- : 0:  coffee-script-source (1.7.0) from /home/leon/.rbenv/versions/2.0.0-p353/lib/ruby/gems/2.0.0/specifications/coffee-script-source-1.7.0.gemspec
I, [2014-02-16T12:09:36.686878 #10533]  INFO -- : 0:  execjs (2.0.2) from /home/leon/.rbenv/versions/2.0.0-p353/lib/ruby/gems/2.0.0/specifications/execjs-2.0.2.gemspec
I, [2014-02-16T12:09:36.687139 #10533]  INFO -- : 0:  coffee-script (2.2.0) from /home/leon/.rbenv/versions/2.0.0-p353/lib/ruby/gems/2.0.0/specifications/coffee-script-2.2.0.gemspec
I, [2014-02-16T12:09:36.687391 #10533]  INFO -- : 0:  daemons (1.1.9) from /home/leon/.rbenv/versions/2.0.0-p353/lib/ruby/gems/2.0.0/specifications/daemons-1.1.9.gemspec
I, [2014-02-16T12:09:36.687642 #10533]  INFO -- : 0:  rack (1.5.2) from /home/leon/.rbenv/versions/2.0.0-p353/lib/ruby/gems/2.0.0/specifications/rack-1.5.2.gemspec
I, [2014-02-16T12:09:36.687913 #10533]  INFO -- : 0:  thread_safe (0.1.3) from /home/leon/.rbenv/versions/2.0.0-p353/lib/ruby/gems/2.0.0/specifications/thread_safe-0.1.3.gemspec
I, [2014-02-16T12:09:36.689360 #10533]  INFO -- : 0:  tzinfo (1.1.0) from /home/leon/.rbenv/versions/2.0.0-p353/lib/ruby/gems/2.0.0/specifications/tzinfo-1.1.0.gemspec
I, [2014-02-16T12:09:36.690570 #10533]  INFO -- : 0:  rufus-scheduler (2.0.24) from /home/leon/.rbenv/versions/2.0.0-p353/lib/ruby/gems/2.0.0/specifications/rufus-scheduler-2.0.24.gemspec
I, [2014-02-16T12:09:36.691844 #10533]  INFO -- : 0:  sass (3.2.14) from /home/leon/.rbenv/versions/2.0.0-p353/lib/ruby/gems/2.0.0/specifications/sass-3.2.14.gemspec
I, [2014-02-16T12:09:36.692965 #10533]  INFO -- : 0:  rack-protection (1.5.2) from /home/leon/.rbenv/versions/2.0.0-p353/lib/ruby/gems/2.0.0/specifications/rack-protection-1.5.2.gemspec
I, [2014-02-16T12:09:36.693540 #10533]  INFO -- : 0:  tilt (1.4.1) from /home/leon/.rbenv/versions/2.0.0-p353/lib/ruby/gems/2.0.0/specifications/tilt-1.4.1.gemspec
I, [2014-02-16T12:09:36.693915 #10533]  INFO -- : 0:  sinatra (1.4.4) from /home/leon/.rbenv/versions/2.0.0-p353/lib/ruby/gems/2.0.0/specifications/sinatra-1.4.4.gemspec
I, [2014-02-16T12:09:36.694282 #10533]  INFO -- : 0:  multi_json (1.8.4) from /home/leon/.rbenv/versions/2.0.0-p353/lib/ruby/gems/2.0.0/specifications/multi_json-1.8.4.gemspec
I, [2014-02-16T12:09:36.694681 #10533]  INFO -- : 0:  rack-test (0.6.2) from /home/leon/.rbenv/versions/2.0.0-p353/lib/ruby/gems/2.0.0/specifications/rack-test-0.6.2.gemspec
I, [2014-02-16T12:09:36.695072 #10533]  INFO -- : 0:  sinatra-contrib (1.4.2) from /home/leon/.rbenv/versions/2.0.0-p353/lib/ruby/gems/2.0.0/specifications/sinatra-contrib-1.4.2.gemspec
I, [2014-02-16T12:09:36.695530 #10533]  INFO -- : 0:  hike (1.2.3) from /home/leon/.rbenv/versions/2.0.0-p353/lib/ruby/gems/2.0.0/specifications/hike-1.2.3.gemspec
I, [2014-02-16T12:09:36.695944 #10533]  INFO -- : 0:  sprockets (2.10.1) from /home/leon/.rbenv/versions/2.0.0-p353/lib/ruby/gems/2.0.0/specifications/sprockets-2.10.1.gemspec
I, [2014-02-16T12:09:36.696313 #10533]  INFO -- : 0:  eventmachine (1.0.3) from /home/leon/.rbenv/versions/2.0.0-p353/lib/ruby/gems/2.0.0/specifications/eventmachine-1.0.3.gemspec
I, [2014-02-16T12:09:36.696661 #10533]  INFO -- : 0:  thin (1.6.1) from /home/leon/.rbenv/versions/2.0.0-p353/lib/ruby/gems/2.0.0/specifications/thin-1.6.1.gemspec
I, [2014-02-16T12:09:36.697023 #10533]  INFO -- : 0:  thor (0.18.1) from /home/leon/.rbenv/versions/2.0.0-p353/lib/ruby/gems/2.0.0/specifications/thor-0.18.1.gemspec
I, [2014-02-16T12:09:36.697390 #10533]  INFO -- : 0:  dashing (1.3.2) from /home/leon/.rbenv/versions/2.0.0-p353/lib/ruby/gems/2.0.0/specifications/dashing-1.3.2.gemspec
I, [2014-02-16T12:09:36.697766 #10533]  INFO -- : 0:  equalizer (0.0.9) from /home/leon/.rbenv/versions/2.0.0-p353/lib/ruby/gems/2.0.0/specifications/equalizer-0.0.9.gemspec
I, [2014-02-16T12:09:36.698189 #10533]  INFO -- : 0:  multipart-post (2.0.0) from /home/leon/.rbenv/versions/2.0.0-p353/lib/ruby/gems/2.0.0/specifications/multipart-post-2.0.0.gemspec
I, [2014-02-16T12:09:36.698533 #10533]  INFO -- : 0:  faraday (0.9.0) from /home/leon/.rbenv/versions/2.0.0-p353/lib/ruby/gems/2.0.0/specifications/faraday-0.9.0.gemspec
I, [2014-02-16T12:09:36.698868 #10533]  INFO -- : 0:  hashie (2.0.5) from /home/leon/.rbenv/versions/2.0.0-p353/lib/ruby/gems/2.0.0/specifications/hashie-2.0.5.gemspec
I, [2014-02-16T12:09:36.699199 #10533]  INFO -- : 0:  http_parser.rb (0.6.0) from /home/leon/.rbenv/versions/2.0.0-p353/lib/ruby/gems/2.0.0/specifications/http_parser.rb-0.6.0.gemspec
I, [2014-02-16T12:09:36.699576 #10533]  INFO -- : 0:  http (0.5.0) from /home/leon/.rbenv/versions/2.0.0-p353/lib/ruby/gems/2.0.0/specifications/http-0.5.0.gemspec
I, [2014-02-16T12:09:37.596724 #10533]  INFO -- : 0:  inflection (1.0.0) from /home/leon/.rbenv/versions/2.0.0-p353/lib/ruby/gems/2.0.0/specifications/inflection-1.0.0.gemspec
I, [2014-02-16T12:09:37.598020 #10533]  INFO -- : 0:  json (1.8.1) from /home/leon/.rbenv/versions/2.0.0-p353/lib/ruby/gems/2.0.0/specifications/json-1.8.1.gemspec
I, [2014-02-16T12:09:37.598872 #10533]  INFO -- : 0:  memoizable (0.4.0) from /home/leon/.rbenv/versions/2.0.0-p353/lib/ruby/gems/2.0.0/specifications/memoizable-0.4.0.gemspec
I, [2014-02-16T12:09:37.599752 #10533]  INFO -- : 0:  mime-types (1.25.1) from /home/leon/.rbenv/versions/2.0.0-p353/lib/ruby/gems/2.0.0/specifications/mime-types-1.25.1.gemspec
I, [2014-02-16T12:09:37.600751 #10533]  INFO -- : 0:  naught (1.0.0) from /home/leon/.rbenv/versions/2.0.0-p353/lib/ruby/gems/2.0.0/specifications/naught-1.0.0.gemspec
I, [2014-02-16T12:09:37.601422 #10533]  INFO -- : 0:  simple_oauth (0.2.0) from /home/leon/.rbenv/versions/2.0.0-p353/lib/ruby/gems/2.0.0/specifications/simple_oauth-0.2.0.gemspec
I, [2014-02-16T12:09:37.602108 #10533]  INFO -- : 0:  twitter (5.7.1) from /home/leon/.rbenv/versions/2.0.0-p353/lib/ruby/gems/2.0.0/specifications/twitter-5.7.1.gemspec
I, [2014-02-16T12:09:38.018628 #10533]  INFO -- : 0:  zendesk_api (1.3.0.rc3) from /home/leon/.rbenv/versions/2.0.0-p353/lib/ruby/gems/2.0.0/bundler/gems/zendesk_api_client_rb-e9cd8586ac68/zendesk_api.gemspec
I, [2014-02-16T12:09:38.019220 #10533]  INFO -- : 0:  bundler (1.5.1) from /home/leon/.rbenv/versions/2.0.0-p353/lib/ruby/gems/2.0.0/specifications/bundler-1.5.1.gemspec
I, [2014-02-16T13:04:08.614355 #17412]  INFO -- : 0:  addressable (2.3.5) from /home/leon/.rbenv/versions/2.0.0-p353/lib/ruby/gems/2.0.0/specifications/addressable-2.3.5.gemspec
I, [2014-02-16T13:04:08.615572 #17412]  INFO -- : 0:  atomic (1.1.14) from /home/leon/.rbenv/versions/2.0.0-p353/lib/ruby/gems/2.0.0/specifications/atomic-1.1.14.gemspec
I, [2014-02-16T13:04:08.615852 #17412]  INFO -- : 0:  backports (3.6.0) from /home/leon/.rbenv/versions/2.0.0-p353/lib/ruby/gems/2.0.0/specifications/backports-3.6.0.gemspec
I, [2014-02-16T13:04:08.616104 #17412]  INFO -- : 0:  buftok (0.2.0) from /home/leon/.rbenv/versions/2.0.0-p353/lib/ruby/gems/2.0.0/specifications/buftok-0.2.0.gemspec
I, [2014-02-16T13:04:08.616368 #17412]  INFO -- : 0:  coffee-script-source (1.7.0) from /home/leon/.rbenv/versions/2.0.0-p353/lib/ruby/gems/2.0.0/specifications/coffee-script-source-1.7.0.gemspec
I, [2014-02-16T13:04:08.616788 #17412]  INFO -- : 0:  execjs (2.0.2) from /home/leon/.rbenv/versions/2.0.0-p353/lib/ruby/gems/2.0.0/specifications/execjs-2.0.2.gemspec
I, [2014-02-16T13:04:08.618428 #17412]  INFO -- : 0:  coffee-script (2.2.0) from /home/leon/.rbenv/versions/2.0.0-p353/lib/ruby/gems/2.0.0/specifications/coffee-script-2.2.0.gemspec
I, [2014-02-16T13:04:08.619789 #17412]  INFO -- : 0:  daemons (1.1.9) from /home/leon/.rbenv/versions/2.0.0-p353/lib/ruby/gems/2.0.0/specifications/daemons-1.1.9.gemspec
I, [2014-02-16T13:04:08.620569 #17412]  INFO -- : 0:  rack (1.5.2) from /home/leon/.rbenv/versions/2.0.0-p353/lib/ruby/gems/2.0.0/specifications/rack-1.5.2.gemspec
I, [2014-02-16T13:04:08.621234 #17412]  INFO -- : 0:  thread_safe (0.1.3) from /home/leon/.rbenv/versions/2.0.0-p353/lib/ruby/gems/2.0.0/specifications/thread_safe-0.1.3.gemspec
I, [2014-02-16T13:04:08.621921 #17412]  INFO -- : 0:  tzinfo (1.1.0) from /home/leon/.rbenv/versions/2.0.0-p353/lib/ruby/gems/2.0.0/specifications/tzinfo-1.1.0.gemspec
I, [2014-02-16T13:04:08.622317 #17412]  INFO -- : 0:  rufus-scheduler (2.0.24) from /home/leon/.rbenv/versions/2.0.0-p353/lib/ruby/gems/2.0.0/specifications/rufus-scheduler-2.0.24.gemspec
I, [2014-02-16T13:04:08.622649 #17412]  INFO -- : 0:  sass (3.2.14) from /home/leon/.rbenv/versions/2.0.0-p353/lib/ruby/gems/2.0.0/specifications/sass-3.2.14.gemspec
I, [2014-02-16T13:04:08.623119 #17412]  INFO -- : 0:  rack-protection (1.5.2) from /home/leon/.rbenv/versions/2.0.0-p353/lib/ruby/gems/2.0.0/specifications/rack-protection-1.5.2.gemspec
I, [2014-02-16T13:04:08.623439 #17412]  INFO -- : 0:  tilt (1.4.1) from /home/leon/.rbenv/versions/2.0.0-p353/lib/ruby/gems/2.0.0/specifications/tilt-1.4.1.gemspec
I, [2014-02-16T13:04:08.623747 #17412]  INFO -- : 0:  sinatra (1.4.4) from /home/leon/.rbenv/versions/2.0.0-p353/lib/ruby/gems/2.0.0/specifications/sinatra-1.4.4.gemspec
I, [2014-02-16T13:04:08.624041 #17412]  INFO -- : 0:  multi_json (1.8.4) from /home/leon/.rbenv/versions/2.0.0-p353/lib/ruby/gems/2.0.0/specifications/multi_json-1.8.4.gemspec
I, [2014-02-16T13:04:08.624317 #17412]  INFO -- : 0:  rack-test (0.6.2) from /home/leon/.rbenv/versions/2.0.0-p353/lib/ruby/gems/2.0.0/specifications/rack-test-0.6.2.gemspec
I, [2014-02-16T13:04:08.624627 #17412]  INFO -- : 0:  sinatra-contrib (1.4.2) from /home/leon/.rbenv/versions/2.0.0-p353/lib/ruby/gems/2.0.0/specifications/sinatra-contrib-1.4.2.gemspec
I, [2014-02-16T13:04:08.624914 #17412]  INFO -- : 0:  hike (1.2.3) from /home/leon/.rbenv/versions/2.0.0-p353/lib/ruby/gems/2.0.0/specifications/hike-1.2.3.gemspec
I, [2014-02-16T13:04:08.625274 #17412]  INFO -- : 0:  sprockets (2.10.1) from /home/leon/.rbenv/versions/2.0.0-p353/lib/ruby/gems/2.0.0/specifications/sprockets-2.10.1.gemspec
I, [2014-02-16T13:04:08.625571 #17412]  INFO -- : 0:  eventmachine (1.0.3) from /home/leon/.rbenv/versions/2.0.0-p353/lib/ruby/gems/2.0.0/specifications/eventmachine-1.0.3.gemspec
I, [2014-02-16T13:04:08.626012 #17412]  INFO -- : 0:  thin (1.6.1) from /home/leon/.rbenv/versions/2.0.0-p353/lib/ruby/gems/2.0.0/specifications/thin-1.6.1.gemspec
I, [2014-02-16T13:04:08.626401 #17412]  INFO -- : 0:  thor (0.18.1) from /home/leon/.rbenv/versions/2.0.0-p353/lib/ruby/gems/2.0.0/specifications/thor-0.18.1.gemspec
I, [2014-02-16T13:04:08.626777 #17412]  INFO -- : 0:  dashing (1.3.2) from /home/leon/.rbenv/versions/2.0.0-p353/lib/ruby/gems/2.0.0/specifications/dashing-1.3.2.gemspec
I, [2014-02-16T13:04:08.627126 #17412]  INFO -- : 0:  dotenv (0.9.0) from /home/leon/.rbenv/versions/2.0.0-p353/lib/ruby/gems/2.0.0/specifications/dotenv-0.9.0.gemspec
I, [2014-02-16T13:04:08.627523 #17412]  INFO -- : 0:  equalizer (0.0.9) from /home/leon/.rbenv/versions/2.0.0-p353/lib/ruby/gems/2.0.0/specifications/equalizer-0.0.9.gemspec
I, [2014-02-16T13:04:08.627935 #17412]  INFO -- : 0:  multipart-post (2.0.0) from /home/leon/.rbenv/versions/2.0.0-p353/lib/ruby/gems/2.0.0/specifications/multipart-post-2.0.0.gemspec
I, [2014-02-16T13:04:08.628367 #17412]  INFO -- : 0:  faraday (0.9.0) from /home/leon/.rbenv/versions/2.0.0-p353/lib/ruby/gems/2.0.0/specifications/faraday-0.9.0.gemspec
I, [2014-02-16T13:04:08.628805 #17412]  INFO -- : 0:  hashie (2.0.5) from /home/leon/.rbenv/versions/2.0.0-p353/lib/ruby/gems/2.0.0/specifications/hashie-2.0.5.gemspec
I, [2014-02-16T13:04:08.629288 #17412]  INFO -- : 0:  http_parser.rb (0.6.0) from /home/leon/.rbenv/versions/2.0.0-p353/lib/ruby/gems/2.0.0/specifications/http_parser.rb-0.6.0.gemspec
I, [2014-02-16T13:04:08.629714 #17412]  INFO -- : 0:  http (0.5.0) from /home/leon/.rbenv/versions/2.0.0-p353/lib/ruby/gems/2.0.0/specifications/http-0.5.0.gemspec
I, [2014-02-16T13:04:08.630144 #17412]  INFO -- : 0:  inflection (1.0.0) from /home/leon/.rbenv/versions/2.0.0-p353/lib/ruby/gems/2.0.0/specifications/inflection-1.0.0.gemspec
I, [2014-02-16T13:04:08.630578 #17412]  INFO -- : 0:  json (1.8.1) from /home/leon/.rbenv/versions/2.0.0-p353/lib/ruby/gems/2.0.0/specifications/json-1.8.1.gemspec
I, [2014-02-16T13:04:08.630993 #17412]  INFO -- : 0:  memoizable (0.4.0) from /home/leon/.rbenv/versions/2.0.0-p353/lib/ruby/gems/2.0.0/specifications/memoizable-0.4.0.gemspec
I, [2014-02-16T13:04:08.631506 #17412]  INFO -- : 0:  mime-types (1.25.1) from /home/leon/.rbenv/versions/2.0.0-p353/lib/ruby/gems/2.0.0/specifications/mime-types-1.25.1.gemspec
I, [2014-02-16T13:04:08.631923 #17412]  INFO -- : 0:  naught (1.0.0) from /home/leon/.rbenv/versions/2.0.0-p353/lib/ruby/gems/2.0.0/specifications/naught-1.0.0.gemspec
I, [2014-02-16T13:04:08.632280 #17412]  INFO -- : 0:  simple_oauth (0.2.0) from /home/leon/.rbenv/versions/2.0.0-p353/lib/ruby/gems/2.0.0/specifications/simple_oauth-0.2.0.gemspec
I, [2014-02-16T13:04:08.632641 #17412]  INFO -- : 0:  twitter (5.7.1) from /home/leon/.rbenv/versions/2.0.0-p353/lib/ruby/gems/2.0.0/specifications/twitter-5.7.1.gemspec
I, [2014-02-16T13:04:08.981052 #17412]  INFO -- : 0:  zendesk_api (1.3.0.rc3) from /home/leon/.rbenv/versions/2.0.0-p353/lib/ruby/gems/2.0.0/bundler/gems/zendesk_api_client_rb-e9cd8586ac68/zendesk_api.gemspec
I, [2014-02-16T13:04:08.981405 #17412]  INFO -- : 0:  bundler (1.5.1) from /home/leon/.rbenv/versions/2.0.0-p353/lib/ruby/gems/2.0.0/specifications/bundler-1.5.1.gemspec
I, [2014-02-16T13:04:15.705734 #17478]  INFO -- : 0:  addressable (2.3.5) from /home/leon/.rbenv/versions/2.0.0-p353/lib/ruby/gems/2.0.0/specifications/addressable-2.3.5.gemspec
I, [2014-02-16T13:04:15.706186 #17478]  INFO -- : 0:  atomic (1.1.14) from /home/leon/.rbenv/versions/2.0.0-p353/lib/ruby/gems/2.0.0/specifications/atomic-1.1.14.gemspec
I, [2014-02-16T13:04:15.706460 #17478]  INFO -- : 0:  backports (3.6.0) from /home/leon/.rbenv/versions/2.0.0-p353/lib/ruby/gems/2.0.0/specifications/backports-3.6.0.gemspec
I, [2014-02-16T13:04:15.706726 #17478]  INFO -- : 0:  buftok (0.2.0) from /home/leon/.rbenv/versions/2.0.0-p353/lib/ruby/gems/2.0.0/specifications/buftok-0.2.0.gemspec
I, [2014-02-16T13:04:15.707008 #17478]  INFO -- : 0:  coffee-script-source (1.7.0) from /home/leon/.rbenv/versions/2.0.0-p353/lib/ruby/gems/2.0.0/specifications/coffee-script-source-1.7.0.gemspec
I, [2014-02-16T13:04:15.707333 #17478]  INFO -- : 0:  execjs (2.0.2) from /home/leon/.rbenv/versions/2.0.0-p353/lib/ruby/gems/2.0.0/specifications/execjs-2.0.2.gemspec
I, [2014-02-16T13:04:15.707593 #17478]  INFO -- : 0:  coffee-script (2.2.0) from /home/leon/.rbenv/versions/2.0.0-p353/lib/ruby/gems/2.0.0/specifications/coffee-script-2.2.0.gemspec
I, [2014-02-16T13:04:15.707860 #17478]  INFO -- : 0:  daemons (1.1.9) from /home/leon/.rbenv/versions/2.0.0-p353/lib/ruby/gems/2.0.0/specifications/daemons-1.1.9.gemspec
I, [2014-02-16T13:04:15.708121 #17478]  INFO -- : 0:  rack (1.5.2) from /home/leon/.rbenv/versions/2.0.0-p353/lib/ruby/gems/2.0.0/specifications/rack-1.5.2.gemspec
I, [2014-02-16T13:04:15.708370 #17478]  INFO -- : 0:  thread_safe (0.1.3) from /home/leon/.rbenv/versions/2.0.0-p353/lib/ruby/gems/2.0.0/specifications/thread_safe-0.1.3.gemspec
I, [2014-02-16T13:04:15.708626 #17478]  INFO -- : 0:  tzinfo (1.1.0) from /home/leon/.rbenv/versions/2.0.0-p353/lib/ruby/gems/2.0.0/specifications/tzinfo-1.1.0.gemspec
I, [2014-02-16T13:04:15.708887 #17478]  INFO -- : 0:  rufus-scheduler (2.0.24) from /home/leon/.rbenv/versions/2.0.0-p353/lib/ruby/gems/2.0.0/specifications/rufus-scheduler-2.0.24.gemspec
I, [2014-02-16T13:04:15.709146 #17478]  INFO -- : 0:  sass (3.2.14) from /home/leon/.rbenv/versions/2.0.0-p353/lib/ruby/gems/2.0.0/specifications/sass-3.2.14.gemspec
I, [2014-02-16T13:04:15.709405 #17478]  INFO -- : 0:  rack-protection (1.5.2) from /home/leon/.rbenv/versions/2.0.0-p353/lib/ruby/gems/2.0.0/specifications/rack-protection-1.5.2.gemspec
I, [2014-02-16T13:04:15.709673 #17478]  INFO -- : 0:  tilt (1.4.1) from /home/leon/.rbenv/versions/2.0.0-p353/lib/ruby/gems/2.0.0/specifications/tilt-1.4.1.gemspec
I, [2014-02-16T13:04:15.709933 #17478]  INFO -- : 0:  sinatra (1.4.4) from /home/leon/.rbenv/versions/2.0.0-p353/lib/ruby/gems/2.0.0/specifications/sinatra-1.4.4.gemspec
I, [2014-02-16T13:04:15.710211 #17478]  INFO -- : 0:  multi_json (1.8.4) from /home/leon/.rbenv/versions/2.0.0-p353/lib/ruby/gems/2.0.0/specifications/multi_json-1.8.4.gemspec
I, [2014-02-16T13:04:15.710462 #17478]  INFO -- : 0:  rack-test (0.6.2) from /home/leon/.rbenv/versions/2.0.0-p353/lib/ruby/gems/2.0.0/specifications/rack-test-0.6.2.gemspec
I, [2014-02-16T13:04:15.710726 #17478]  INFO -- : 0:  sinatra-contrib (1.4.2) from /home/leon/.rbenv/versions/2.0.0-p353/lib/ruby/gems/2.0.0/specifications/sinatra-contrib-1.4.2.gemspec
I, [2014-02-16T13:04:15.710987 #17478]  INFO -- : 0:  hike (1.2.3) from /home/leon/.rbenv/versions/2.0.0-p353/lib/ruby/gems/2.0.0/specifications/hike-1.2.3.gemspec
I, [2014-02-16T13:04:15.711249 #17478]  INFO -- : 0:  sprockets (2.10.1) from /home/leon/.rbenv/versions/2.0.0-p353/lib/ruby/gems/2.0.0/specifications/sprockets-2.10.1.gemspec
I, [2014-02-16T13:04:15.711524 #17478]  INFO -- : 0:  eventmachine (1.0.3) from /home/leon/.rbenv/versions/2.0.0-p353/lib/ruby/gems/2.0.0/specifications/eventmachine-1.0.3.gemspec
I, [2014-02-16T13:04:15.711793 #17478]  INFO -- : 0:  thin (1.6.1) from /home/leon/.rbenv/versions/2.0.0-p353/lib/ruby/gems/2.0.0/specifications/thin-1.6.1.gemspec
I, [2014-02-16T13:04:15.712051 #17478]  INFO -- : 0:  thor (0.18.1) from /home/leon/.rbenv/versions/2.0.0-p353/lib/ruby/gems/2.0.0/specifications/thor-0.18.1.gemspec
I, [2014-02-16T13:04:15.712317 #17478]  INFO -- : 0:  dashing (1.3.2) from /home/leon/.rbenv/versions/2.0.0-p353/lib/ruby/gems/2.0.0/specifications/dashing-1.3.2.gemspec
I, [2014-02-16T13:04:15.712558 #17478]  INFO -- : 0:  dotenv (0.9.0) from /home/leon/.rbenv/versions/2.0.0-p353/lib/ruby/gems/2.0.0/specifications/dotenv-0.9.0.gemspec
I, [2014-02-16T13:04:15.712813 #17478]  INFO -- : 0:  equalizer (0.0.9) from /home/leon/.rbenv/versions/2.0.0-p353/lib/ruby/gems/2.0.0/specifications/equalizer-0.0.9.gemspec
I, [2014-02-16T13:04:15.713074 #17478]  INFO -- : 0:  multipart-post (2.0.0) from /home/leon/.rbenv/versions/2.0.0-p353/lib/ruby/gems/2.0.0/specifications/multipart-post-2.0.0.gemspec
I, [2014-02-16T13:04:15.713329 #17478]  INFO -- : 0:  faraday (0.9.0) from /home/leon/.rbenv/versions/2.0.0-p353/lib/ruby/gems/2.0.0/specifications/faraday-0.9.0.gemspec
I, [2014-02-16T13:04:15.713599 #17478]  INFO -- : 0:  hashie (2.0.5) from /home/leon/.rbenv/versions/2.0.0-p353/lib/ruby/gems/2.0.0/specifications/hashie-2.0.5.gemspec
I, [2014-02-16T13:04:15.713855 #17478]  INFO -- : 0:  http_parser.rb (0.6.0) from /home/leon/.rbenv/versions/2.0.0-p353/lib/ruby/gems/2.0.0/specifications/http_parser.rb-0.6.0.gemspec
I, [2014-02-16T13:04:15.714120 #17478]  INFO -- : 0:  http (0.5.0) from /home/leon/.rbenv/versions/2.0.0-p353/lib/ruby/gems/2.0.0/specifications/http-0.5.0.gemspec
I, [2014-02-16T13:04:15.714402 #17478]  INFO -- : 0:  inflection (1.0.0) from /home/leon/.rbenv/versions/2.0.0-p353/lib/ruby/gems/2.0.0/specifications/inflection-1.0.0.gemspec
I, [2014-02-16T13:04:15.714665 #17478]  INFO -- : 0:  json (1.8.1) from /home/leon/.rbenv/versions/2.0.0-p353/lib/ruby/gems/2.0.0/specifications/json-1.8.1.gemspec
I, [2014-02-16T13:04:15.714911 #17478]  INFO -- : 0:  memoizable (0.4.0) from /home/leon/.rbenv/versions/2.0.0-p353/lib/ruby/gems/2.0.0/specifications/memoizable-0.4.0.gemspec
I, [2014-02-16T13:04:15.715225 #17478]  INFO -- : 0:  mime-types (1.25.1) from /home/leon/.rbenv/versions/2.0.0-p353/lib/ruby/gems/2.0.0/specifications/mime-types-1.25.1.gemspec
I, [2014-02-16T13:04:15.715592 #17478]  INFO -- : 0:  naught (1.0.0) from /home/leon/.rbenv/versions/2.0.0-p353/lib/ruby/gems/2.0.0/specifications/naught-1.0.0.gemspec
I, [2014-02-16T13:04:15.715972 #17478]  INFO -- : 0:  simple_oauth (0.2.0) from /home/leon/.rbenv/versions/2.0.0-p353/lib/ruby/gems/2.0.0/specifications/simple_oauth-0.2.0.gemspec
I, [2014-02-16T13:04:15.724524 #17478]  INFO -- : 0:  twitter (5.7.1) from /home/leon/.rbenv/versions/2.0.0-p353/lib/ruby/gems/2.0.0/specifications/twitter-5.7.1.gemspec
I, [2014-02-16T13:04:16.018661 #17478]  INFO -- : 0:  zendesk_api (1.3.0.rc3) from /home/leon/.rbenv/versions/2.0.0-p353/lib/ruby/gems/2.0.0/bundler/gems/zendesk_api_client_rb-e9cd8586ac68/zendesk_api.gemspec
I, [2014-02-16T13:04:16.019009 #17478]  INFO -- : 0:  bundler (1.5.1) from /home/leon/.rbenv/versions/2.0.0-p353/lib/ruby/gems/2.0.0/specifications/bundler-1.5.1.gemspec
I, [2014-02-16T13:24:17.279890 #20866]  INFO -- : 0:  addressable (2.3.5) from /home/leon/.rbenv/versions/2.0.0-p353/lib/ruby/gems/2.0.0/specifications/addressable-2.3.5.gemspec
I, [2014-02-16T13:24:17.280967 #20866]  INFO -- : 0:  atomic (1.1.14) from /home/leon/.rbenv/versions/2.0.0-p353/lib/ruby/gems/2.0.0/specifications/atomic-1.1.14.gemspec
I, [2014-02-16T13:24:17.281235 #20866]  INFO -- : 0:  backports (3.6.0) from /home/leon/.rbenv/versions/2.0.0-p353/lib/ruby/gems/2.0.0/specifications/backports-3.6.0.gemspec
I, [2014-02-16T13:24:17.281649 #20866]  INFO -- : 0:  buftok (0.2.0) from /home/leon/.rbenv/versions/2.0.0-p353/lib/ruby/gems/2.0.0/specifications/buftok-0.2.0.gemspec
I, [2014-02-16T13:24:17.282019 #20866]  INFO -- : 0:  coffee-script-source (1.7.0) from /home/leon/.rbenv/versions/2.0.0-p353/lib/ruby/gems/2.0.0/specifications/coffee-script-source-1.7.0.gemspec
I, [2014-02-16T13:24:17.282411 #20866]  INFO -- : 0:  execjs (2.0.2) from /home/leon/.rbenv/versions/2.0.0-p353/lib/ruby/gems/2.0.0/specifications/execjs-2.0.2.gemspec
I, [2014-02-16T13:24:17.282713 #20866]  INFO -- : 0:  coffee-script (2.2.0) from /home/leon/.rbenv/versions/2.0.0-p353/lib/ruby/gems/2.0.0/specifications/coffee-script-2.2.0.gemspec
I, [2014-02-16T13:24:17.282993 #20866]  INFO -- : 0:  daemons (1.1.9) from /home/leon/.rbenv/versions/2.0.0-p353/lib/ruby/gems/2.0.0/specifications/daemons-1.1.9.gemspec
I, [2014-02-16T13:24:17.283279 #20866]  INFO -- : 0:  rack (1.5.2) from /home/leon/.rbenv/versions/2.0.0-p353/lib/ruby/gems/2.0.0/specifications/rack-1.5.2.gemspec
I, [2014-02-16T13:24:17.283539 #20866]  INFO -- : 0:  thread_safe (0.1.3) from /home/leon/.rbenv/versions/2.0.0-p353/lib/ruby/gems/2.0.0/specifications/thread_safe-0.1.3.gemspec
I, [2014-02-16T13:24:17.283786 #20866]  INFO -- : 0:  tzinfo (1.1.0) from /home/leon/.rbenv/versions/2.0.0-p353/lib/ruby/gems/2.0.0/specifications/tzinfo-1.1.0.gemspec
I, [2014-02-16T13:24:17.284040 #20866]  INFO -- : 0:  rufus-scheduler (2.0.24) from /home/leon/.rbenv/versions/2.0.0-p353/lib/ruby/gems/2.0.0/specifications/rufus-scheduler-2.0.24.gemspec
I, [2014-02-16T13:24:17.284302 #20866]  INFO -- : 0:  sass (3.2.14) from /home/leon/.rbenv/versions/2.0.0-p353/lib/ruby/gems/2.0.0/specifications/sass-3.2.14.gemspec
I, [2014-02-16T13:24:17.284555 #20866]  INFO -- : 0:  rack-protection (1.5.2) from /home/leon/.rbenv/versions/2.0.0-p353/lib/ruby/gems/2.0.0/specifications/rack-protection-1.5.2.gemspec
I, [2014-02-16T13:24:17.284808 #20866]  INFO -- : 0:  tilt (1.4.1) from /home/leon/.rbenv/versions/2.0.0-p353/lib/ruby/gems/2.0.0/specifications/tilt-1.4.1.gemspec
I, [2014-02-16T13:24:17.285060 #20866]  INFO -- : 0:  sinatra (1.4.4) from /home/leon/.rbenv/versions/2.0.0-p353/lib/ruby/gems/2.0.0/specifications/sinatra-1.4.4.gemspec
I, [2014-02-16T13:24:17.285312 #20866]  INFO -- : 0:  multi_json (1.8.4) from /home/leon/.rbenv/versions/2.0.0-p353/lib/ruby/gems/2.0.0/specifications/multi_json-1.8.4.gemspec
I, [2014-02-16T13:24:17.285552 #20866]  INFO -- : 0:  rack-test (0.6.2) from /home/leon/.rbenv/versions/2.0.0-p353/lib/ruby/gems/2.0.0/specifications/rack-test-0.6.2.gemspec
I, [2014-02-16T13:24:17.285806 #20866]  INFO -- : 0:  sinatra-contrib (1.4.2) from /home/leon/.rbenv/versions/2.0.0-p353/lib/ruby/gems/2.0.0/specifications/sinatra-contrib-1.4.2.gemspec
I, [2014-02-16T13:24:17.286056 #20866]  INFO -- : 0:  hike (1.2.3) from /home/leon/.rbenv/versions/2.0.0-p353/lib/ruby/gems/2.0.0/specifications/hike-1.2.3.gemspec
I, [2014-02-16T13:24:17.286305 #20866]  INFO -- : 0:  sprockets (2.10.1) from /home/leon/.rbenv/versions/2.0.0-p353/lib/ruby/gems/2.0.0/specifications/sprockets-2.10.1.gemspec
I, [2014-02-16T13:24:17.286552 #20866]  INFO -- : 0:  eventmachine (1.0.3) from /home/leon/.rbenv/versions/2.0.0-p353/lib/ruby/gems/2.0.0/specifications/eventmachine-1.0.3.gemspec
I, [2014-02-16T13:24:17.286798 #20866]  INFO -- : 0:  thin (1.6.1) from /home/leon/.rbenv/versions/2.0.0-p353/lib/ruby/gems/2.0.0/specifications/thin-1.6.1.gemspec
I, [2014-02-16T13:24:17.287046 #20866]  INFO -- : 0:  thor (0.18.1) from /home/leon/.rbenv/versions/2.0.0-p353/lib/ruby/gems/2.0.0/specifications/thor-0.18.1.gemspec
I, [2014-02-16T13:24:17.287325 #20866]  INFO -- : 0:  dashing (1.3.2) from /home/leon/.rbenv/versions/2.0.0-p353/lib/ruby/gems/2.0.0/specifications/dashing-1.3.2.gemspec
I, [2014-02-16T13:24:17.287573 #20866]  INFO -- : 0:  dotenv (0.9.0) from /home/leon/.rbenv/versions/2.0.0-p353/lib/ruby/gems/2.0.0/specifications/dotenv-0.9.0.gemspec
I, [2014-02-16T13:24:17.287821 #20866]  INFO -- : 0:  equalizer (0.0.9) from /home/leon/.rbenv/versions/2.0.0-p353/lib/ruby/gems/2.0.0/specifications/equalizer-0.0.9.gemspec
I, [2014-02-16T13:24:17.288079 #20866]  INFO -- : 0:  multipart-post (2.0.0) from /home/leon/.rbenv/versions/2.0.0-p353/lib/ruby/gems/2.0.0/specifications/multipart-post-2.0.0.gemspec
I, [2014-02-16T13:24:17.288330 #20866]  INFO -- : 0:  faraday (0.9.0) from /home/leon/.rbenv/versions/2.0.0-p353/lib/ruby/gems/2.0.0/specifications/faraday-0.9.0.gemspec
I, [2014-02-16T13:24:17.288584 #20866]  INFO -- : 0:  hashie (2.0.5) from /home/leon/.rbenv/versions/2.0.0-p353/lib/ruby/gems/2.0.0/specifications/hashie-2.0.5.gemspec
I, [2014-02-16T13:24:18.312139 #20866]  INFO -- : 0:  htmlentities (4.3.1) from /home/leon/.rbenv/versions/2.0.0-p353/lib/ruby/gems/2.0.0/specifications/htmlentities-4.3.1.gemspec
I, [2014-02-16T13:24:18.313349 #20866]  INFO -- : 0:  http_parser.rb (0.6.0) from /home/leon/.rbenv/versions/2.0.0-p353/lib/ruby/gems/2.0.0/specifications/http_parser.rb-0.6.0.gemspec
I, [2014-02-16T13:24:18.314164 #20866]  INFO -- : 0:  http (0.5.0) from /home/leon/.rbenv/versions/2.0.0-p353/lib/ruby/gems/2.0.0/specifications/http-0.5.0.gemspec
I, [2014-02-16T13:24:18.314956 #20866]  INFO -- : 0:  inflection (1.0.0) from /home/leon/.rbenv/versions/2.0.0-p353/lib/ruby/gems/2.0.0/specifications/inflection-1.0.0.gemspec
I, [2014-02-16T13:24:18.315825 #20866]  INFO -- : 0:  json (1.8.1) from /home/leon/.rbenv/versions/2.0.0-p353/lib/ruby/gems/2.0.0/specifications/json-1.8.1.gemspec
I, [2014-02-16T13:24:18.316603 #20866]  INFO -- : 0:  memoizable (0.4.0) from /home/leon/.rbenv/versions/2.0.0-p353/lib/ruby/gems/2.0.0/specifications/memoizable-0.4.0.gemspec
I, [2014-02-16T13:24:18.317380 #20866]  INFO -- : 0:  mime-types (1.25.1) from /home/leon/.rbenv/versions/2.0.0-p353/lib/ruby/gems/2.0.0/specifications/mime-types-1.25.1.gemspec
I, [2014-02-16T13:24:18.318161 #20866]  INFO -- : 0:  mini_portile (0.5.2) from /home/leon/.rbenv/versions/2.0.0-p353/lib/ruby/gems/2.0.0/specifications/mini_portile-0.5.2.gemspec
I, [2014-02-16T13:24:18.318908 #20866]  INFO -- : 0:  naught (1.0.0) from /home/leon/.rbenv/versions/2.0.0-p353/lib/ruby/gems/2.0.0/specifications/naught-1.0.0.gemspec
I, [2014-02-16T13:24:18.319496 #20866]  INFO -- : 0:  nokogiri (1.6.1) from /home/leon/.rbenv/versions/2.0.0-p353/lib/ruby/gems/2.0.0/specifications/nokogiri-1.6.1.gemspec
I, [2014-02-16T13:24:18.319892 #20866]  INFO -- : 0:  simple_oauth (0.2.0) from /home/leon/.rbenv/versions/2.0.0-p353/lib/ruby/gems/2.0.0/specifications/simple_oauth-0.2.0.gemspec
I, [2014-02-16T13:24:18.320201 #20866]  INFO -- : 0:  twitter (5.7.1) from /home/leon/.rbenv/versions/2.0.0-p353/lib/ruby/gems/2.0.0/specifications/twitter-5.7.1.gemspec
I, [2014-02-16T13:24:18.644848 #20866]  INFO -- : 0:  zendesk_api (1.3.0.rc3) from /home/leon/.rbenv/versions/2.0.0-p353/lib/ruby/gems/2.0.0/bundler/gems/zendesk_api_client_rb-e9cd8586ac68/zendesk_api.gemspec
I, [2014-02-16T13:24:18.645210 #20866]  INFO -- : 0:  bundler (1.5.1) from /home/leon/.rbenv/versions/2.0.0-p353/lib/ruby/gems/2.0.0/specifications/bundler-1.5.1.gemspec
I, [2014-02-16T13:51:35.291773 #25150]  INFO -- : 0:  i18n (0.6.9) from /home/leon/.rbenv/versions/2.0.0-p353/lib/ruby/gems/2.0.0/specifications/i18n-0.6.9.gemspec
I, [2014-02-16T13:51:35.292267 #25150]  INFO -- : 0:  multi_json (1.8.4) from /home/leon/.rbenv/versions/2.0.0-p353/lib/ruby/gems/2.0.0/specifications/multi_json-1.8.4.gemspec
I, [2014-02-16T13:51:36.656088 #25150]  INFO -- : 0:  activesupport (3.2.16) from /home/leon/.rbenv/versions/2.0.0-p353/lib/ruby/gems/2.0.0/specifications/activesupport-3.2.16.gemspec
I, [2014-02-16T13:51:36.657302 #25150]  INFO -- : 0:  addressable (2.3.5) from /home/leon/.rbenv/versions/2.0.0-p353/lib/ruby/gems/2.0.0/specifications/addressable-2.3.5.gemspec
I, [2014-02-16T13:51:36.658151 #25150]  INFO -- : 0:  atomic (1.1.14) from /home/leon/.rbenv/versions/2.0.0-p353/lib/ruby/gems/2.0.0/specifications/atomic-1.1.14.gemspec
I, [2014-02-16T13:51:36.658969 #25150]  INFO -- : 0:  backports (3.6.0) from /home/leon/.rbenv/versions/2.0.0-p353/lib/ruby/gems/2.0.0/specifications/backports-3.6.0.gemspec
I, [2014-02-16T13:51:36.659511 #25150]  INFO -- : 0:  buftok (0.2.0) from /home/leon/.rbenv/versions/2.0.0-p353/lib/ruby/gems/2.0.0/specifications/buftok-0.2.0.gemspec
I, [2014-02-16T13:51:36.659784 #25150]  INFO -- : 0:  coffee-script-source (1.7.0) from /home/leon/.rbenv/versions/2.0.0-p353/lib/ruby/gems/2.0.0/specifications/coffee-script-source-1.7.0.gemspec
I, [2014-02-16T13:51:36.660047 #25150]  INFO -- : 0:  execjs (2.0.2) from /home/leon/.rbenv/versions/2.0.0-p353/lib/ruby/gems/2.0.0/specifications/execjs-2.0.2.gemspec
I, [2014-02-16T13:51:36.660309 #25150]  INFO -- : 0:  coffee-script (2.2.0) from /home/leon/.rbenv/versions/2.0.0-p353/lib/ruby/gems/2.0.0/specifications/coffee-script-2.2.0.gemspec
I, [2014-02-16T13:51:36.660587 #25150]  INFO -- : 0:  daemons (1.1.9) from /home/leon/.rbenv/versions/2.0.0-p353/lib/ruby/gems/2.0.0/specifications/daemons-1.1.9.gemspec
I, [2014-02-16T13:51:36.660838 #25150]  INFO -- : 0:  rack (1.5.2) from /home/leon/.rbenv/versions/2.0.0-p353/lib/ruby/gems/2.0.0/specifications/rack-1.5.2.gemspec
I, [2014-02-16T13:51:36.661087 #25150]  INFO -- : 0:  thread_safe (0.1.3) from /home/leon/.rbenv/versions/2.0.0-p353/lib/ruby/gems/2.0.0/specifications/thread_safe-0.1.3.gemspec
I, [2014-02-16T13:51:36.661336 #25150]  INFO -- : 0:  tzinfo (1.1.0) from /home/leon/.rbenv/versions/2.0.0-p353/lib/ruby/gems/2.0.0/specifications/tzinfo-1.1.0.gemspec
I, [2014-02-16T13:51:36.661583 #25150]  INFO -- : 0:  rufus-scheduler (2.0.24) from /home/leon/.rbenv/versions/2.0.0-p353/lib/ruby/gems/2.0.0/specifications/rufus-scheduler-2.0.24.gemspec
I, [2014-02-16T13:51:36.661833 #25150]  INFO -- : 0:  sass (3.2.14) from /home/leon/.rbenv/versions/2.0.0-p353/lib/ruby/gems/2.0.0/specifications/sass-3.2.14.gemspec
I, [2014-02-16T13:51:36.662083 #25150]  INFO -- : 0:  rack-protection (1.5.2) from /home/leon/.rbenv/versions/2.0.0-p353/lib/ruby/gems/2.0.0/specifications/rack-protection-1.5.2.gemspec
I, [2014-02-16T13:51:36.662333 #25150]  INFO -- : 0:  tilt (1.4.1) from /home/leon/.rbenv/versions/2.0.0-p353/lib/ruby/gems/2.0.0/specifications/tilt-1.4.1.gemspec
I, [2014-02-16T13:51:36.662578 #25150]  INFO -- : 0:  sinatra (1.4.4) from /home/leon/.rbenv/versions/2.0.0-p353/lib/ruby/gems/2.0.0/specifications/sinatra-1.4.4.gemspec
I, [2014-02-16T13:51:36.662824 #25150]  INFO -- : 0:  rack-test (0.6.2) from /home/leon/.rbenv/versions/2.0.0-p353/lib/ruby/gems/2.0.0/specifications/rack-test-0.6.2.gemspec
I, [2014-02-16T13:51:36.663075 #25150]  INFO -- : 0:  sinatra-contrib (1.4.2) from /home/leon/.rbenv/versions/2.0.0-p353/lib/ruby/gems/2.0.0/specifications/sinatra-contrib-1.4.2.gemspec
I, [2014-02-16T13:51:36.663329 #25150]  INFO -- : 0:  hike (1.2.3) from /home/leon/.rbenv/versions/2.0.0-p353/lib/ruby/gems/2.0.0/specifications/hike-1.2.3.gemspec
I, [2014-02-16T13:51:36.663576 #25150]  INFO -- : 0:  sprockets (2.10.1) from /home/leon/.rbenv/versions/2.0.0-p353/lib/ruby/gems/2.0.0/specifications/sprockets-2.10.1.gemspec
I, [2014-02-16T13:51:36.663818 #25150]  INFO -- : 0:  eventmachine (1.0.3) from /home/leon/.rbenv/versions/2.0.0-p353/lib/ruby/gems/2.0.0/specifications/eventmachine-1.0.3.gemspec
I, [2014-02-16T13:51:36.664060 #25150]  INFO -- : 0:  thin (1.6.1) from /home/leon/.rbenv/versions/2.0.0-p353/lib/ruby/gems/2.0.0/specifications/thin-1.6.1.gemspec
I, [2014-02-16T13:51:36.664320 #25150]  INFO -- : 0:  thor (0.18.1) from /home/leon/.rbenv/versions/2.0.0-p353/lib/ruby/gems/2.0.0/specifications/thor-0.18.1.gemspec
I, [2014-02-16T13:51:36.664565 #25150]  INFO -- : 0:  dashing (1.3.2) from /home/leon/.rbenv/versions/2.0.0-p353/lib/ruby/gems/2.0.0/specifications/dashing-1.3.2.gemspec
I, [2014-02-16T13:51:36.664809 #25150]  INFO -- : 0:  dotenv (0.9.0) from /home/leon/.rbenv/versions/2.0.0-p353/lib/ruby/gems/2.0.0/specifications/dotenv-0.9.0.gemspec
I, [2014-02-16T13:51:36.665055 #25150]  INFO -- : 0:  equalizer (0.0.9) from /home/leon/.rbenv/versions/2.0.0-p353/lib/ruby/gems/2.0.0/specifications/equalizer-0.0.9.gemspec
I, [2014-02-16T13:51:36.665301 #25150]  INFO -- : 0:  multipart-post (2.0.0) from /home/leon/.rbenv/versions/2.0.0-p353/lib/ruby/gems/2.0.0/specifications/multipart-post-2.0.0.gemspec
I, [2014-02-16T13:51:36.665544 #25150]  INFO -- : 0:  faraday (0.9.0) from /home/leon/.rbenv/versions/2.0.0-p353/lib/ruby/gems/2.0.0/specifications/faraday-0.9.0.gemspec
I, [2014-02-16T13:51:36.665803 #25150]  INFO -- : 0:  hashie (2.0.5) from /home/leon/.rbenv/versions/2.0.0-p353/lib/ruby/gems/2.0.0/specifications/hashie-2.0.5.gemspec
I, [2014-02-16T13:51:36.666067 #25150]  INFO -- : 0:  htmlentities (4.3.1) from /home/leon/.rbenv/versions/2.0.0-p353/lib/ruby/gems/2.0.0/specifications/htmlentities-4.3.1.gemspec
I, [2014-02-16T13:51:36.666323 #25150]  INFO -- : 0:  http_parser.rb (0.6.0) from /home/leon/.rbenv/versions/2.0.0-p353/lib/ruby/gems/2.0.0/specifications/http_parser.rb-0.6.0.gemspec
I, [2014-02-16T13:51:36.666587 #25150]  INFO -- : 0:  http (0.5.0) from /home/leon/.rbenv/versions/2.0.0-p353/lib/ruby/gems/2.0.0/specifications/http-0.5.0.gemspec
I, [2014-02-16T13:51:36.666829 #25150]  INFO -- : 0:  inflection (1.0.0) from /home/leon/.rbenv/versions/2.0.0-p353/lib/ruby/gems/2.0.0/specifications/inflection-1.0.0.gemspec
I, [2014-02-16T13:51:36.667077 #25150]  INFO -- : 0:  oauth (0.4.7) from /home/leon/.rbenv/versions/2.0.0-p353/lib/ruby/gems/2.0.0/specifications/oauth-0.4.7.gemspec
I, [2014-02-16T13:51:37.714342 #25150]  INFO -- : 0:  jira-ruby (0.1.8) from /home/leon/.rbenv/versions/2.0.0-p353/lib/ruby/gems/2.0.0/specifications/jira-ruby-0.1.8.gemspec
I, [2014-02-16T13:51:37.715717 #25150]  INFO -- : 0:  json (1.8.1) from /home/leon/.rbenv/versions/2.0.0-p353/lib/ruby/gems/2.0.0/specifications/json-1.8.1.gemspec
I, [2014-02-16T13:51:37.716569 #25150]  INFO -- : 0:  memoizable (0.4.0) from /home/leon/.rbenv/versions/2.0.0-p353/lib/ruby/gems/2.0.0/specifications/memoizable-0.4.0.gemspec
I, [2014-02-16T13:51:37.717523 #25150]  INFO -- : 0:  mime-types (1.25.1) from /home/leon/.rbenv/versions/2.0.0-p353/lib/ruby/gems/2.0.0/specifications/mime-types-1.25.1.gemspec
I, [2014-02-16T13:51:37.718346 #25150]  INFO -- : 0:  mini_portile (0.5.2) from /home/leon/.rbenv/versions/2.0.0-p353/lib/ruby/gems/2.0.0/specifications/mini_portile-0.5.2.gemspec
I, [2014-02-16T13:51:37.719234 #25150]  INFO -- : 0:  naught (1.0.0) from /home/leon/.rbenv/versions/2.0.0-p353/lib/ruby/gems/2.0.0/specifications/naught-1.0.0.gemspec
I, [2014-02-16T13:51:37.720080 #25150]  INFO -- : 0:  nokogiri (1.6.1) from /home/leon/.rbenv/versions/2.0.0-p353/lib/ruby/gems/2.0.0/specifications/nokogiri-1.6.1.gemspec
I, [2014-02-16T13:51:37.720874 #25150]  INFO -- : 0:  simple_oauth (0.2.0) from /home/leon/.rbenv/versions/2.0.0-p353/lib/ruby/gems/2.0.0/specifications/simple_oauth-0.2.0.gemspec
I, [2014-02-16T13:51:37.721661 #25150]  INFO -- : 0:  twitter (5.7.1) from /home/leon/.rbenv/versions/2.0.0-p353/lib/ruby/gems/2.0.0/specifications/twitter-5.7.1.gemspec
I, [2014-02-16T13:51:38.050241 #25150]  INFO -- : 0:  zendesk_api (1.3.0.rc3) from /home/leon/.rbenv/versions/2.0.0-p353/lib/ruby/gems/2.0.0/bundler/gems/zendesk_api_client_rb-e9cd8586ac68/zendesk_api.gemspec
I, [2014-02-16T13:51:38.050596 #25150]  INFO -- : 0:  bundler (1.5.1) from /home/leon/.rbenv/versions/2.0.0-p353/lib/ruby/gems/2.0.0/specifications/bundler-1.5.1.gemspec
